<?xml version="1.0" encoding="UTF-8"?>
<!-- Generated by org.testng.reporters.JUnitXMLReporter -->
<testsuite hostname="praveenc-pc" ignored="0" name="Chrome" tests="1" failures="0" timestamp="14 Nov 2022 06:49:54 GMT" time="54.733" errors="0">
  <testcase name="@BeforeClass InitialTestSetupClass" time="54.697" classname="tests.InitialTestSetup">
    <failure type="java.io.FileNotFoundException" message="E:\Automationframework\SharedFolder\SharedFolder\src\test\resources\Chrome\maps\null (The system cannot find the path specified)">
      <![CDATA[java.io.FileNotFoundException: E:\Automationframework\SharedFolder\SharedFolder\src\test\resources\Chrome\maps\null (The system cannot find the path specified)
at java.io.FileInputStream.open0(Native Method)
at java.io.FileInputStream.open(Unknown Source)
at java.io.FileInputStream.<init>(Unknown Source)
at java.io.FileInputStream.<init>(Unknown Source)
at java.io.FileReader.<init>(Unknown Source)
at uiauto.lib.loader.JsonLoader.<init>(JsonLoader.java:18)
at uiauto.page.BasePage.setLoader(BasePage.java:79)
at uiauto.page.BasePage.<init>(BasePage.java:69)
at pages.LoginPage.<init>(LoginPage.java:12)
at tests.InitialTestSetup.InitialTestSetupClass(InitialTestSetup.java:18)
at java.util.concurrent.FutureTask.run(Unknown Source)
at java.util.concurrent.ThreadPoolExecutor.runWorker(Unknown Source)
at java.util.concurrent.ThreadPoolExecutor$Worker.run(Unknown Source)
at java.lang.Thread.run(Unknown Source)
... Removed 17 stack frames]]>
    </failure>
  </testcase> <!-- @BeforeClass InitialTestSetupClass -->
  <testcase name="@BeforeMethod startApplication" time="0.001" classname="uiauto.test.BaseTest">
    <failure type="java.lang.NullPointerException">
      <![CDATA[java.lang.NullPointerException
at uiauto.test.BaseTest.createReport(BaseTest.java:232)
at uiauto.test.BaseTest.createReport(BaseTest.java:227)
at uiauto.test.BaseTest.startApplication(BaseTest.java:119)
at java.util.concurrent.FutureTask.run(Unknown Source)
at java.util.concurrent.ThreadPoolExecutor.runWorker(Unknown Source)
at java.util.concurrent.ThreadPoolExecutor$Worker.run(Unknown Source)
at java.lang.Thread.run(Unknown Source)
... Removed 19 stack frames]]>
    </failure>
  </testcase> <!-- @BeforeMethod startApplication -->
  <testcase name="@AfterMethod tearDown" time="0.0" classname="uiauto.test.BaseTest">
    <failure type="java.lang.NullPointerException">
      <![CDATA[java.lang.NullPointerException
at uiauto.test.BaseTest.onException(BaseTest.java:182)
at uiauto.test.BaseTest.writeToReport(BaseTest.java:151)
at uiauto.test.BaseTest.tearDown(BaseTest.java:125)
at java.util.concurrent.FutureTask.run(Unknown Source)
at java.util.concurrent.ThreadPoolExecutor.runWorker(Unknown Source)
at java.util.concurrent.ThreadPoolExecutor$Worker.run(Unknown Source)
at java.lang.Thread.run(Unknown Source)
... Removed 19 stack frames]]>
    </failure>
  </testcase> <!-- @AfterMethod tearDown -->
  <testcase name="homePageDisplayed" time="0.0" classname="test.script.Sample">
    <skipped/>
  </testcase> <!-- homePageDisplayed -->
</testsuite> <!-- Chrome -->
