<?xml version="1.0" encoding="UTF-8"?>
<!-- Generated by org.testng.reporters.JUnitXMLReporter -->
<testsuite hostname="praveenc-pc" ignored="0" name="Test" tests="1" failures="0" timestamp="28 Oct 2022 09:07:21 GMT" time="23.048" errors="0">
  <testcase name="@BeforeSuite configureSuite" time="402.984" classname="uiauto.test.BaseTest">
    <failure type="java.io.FileNotFoundException" message="E:\Automationframework\SharedFolder\SharedFolder\src\test\resources\null\properties\config.properties (The system cannot find the path specified)">
      <![CDATA[java.io.FileNotFoundException: E:\Automationframework\SharedFolder\SharedFolder\src\test\resources\null\properties\config.properties (The system cannot find the path specified)
at java.io.FileInputStream.open0(Native Method)
at java.io.FileInputStream.open(Unknown Source)
at java.io.FileInputStream.<init>(Unknown Source)
at java.io.FileInputStream.<init>(Unknown Source)
at uiauto.central.SMASingleton.loadCentralConfigFile(SMASingleton.java:41)
at uiauto.central.SMASingleton.init(SMASingleton.java:35)
at uiauto.test.BaseTest.configureSuite(BaseTest.java:55)
... Removed 20 stack frames]]>
    </failure>
  </testcase> <!-- @BeforeSuite configureSuite -->
  <testcase name="@BeforeTest processTestContext" time="18.264" classname="uiauto.test.BaseTest">
    <failure type="java.lang.NullPointerException">
      <![CDATA[java.lang.NullPointerException
at uiauto.central.ContextConfiguration.<init>(ContextConfiguration.java:29)
at uiauto.central.SMASingleton.processTestContext(SMASingleton.java:155)
at uiauto.test.BaseTest.processTestContext(BaseTest.java:60)
... Removed 24 stack frames]]>
    </failure>
  </testcase> <!-- @BeforeTest processTestContext -->
  <testcase name="@BeforeClass configureTestClass" time="4.749" classname="uiauto.test.BaseTest">
    <failure type="java.lang.NullPointerException">
      <![CDATA[java.lang.NullPointerException
at uiauto.test.BaseTest.configureTestClass(BaseTest.java:76)
... Removed 26 stack frames]]>
    </failure>
  </testcase> <!-- @BeforeClass configureTestClass -->
  <testcase name="@BeforeMethod startApplication" time="0.002" classname="uiauto.test.BaseTest">
    <failure type="java.lang.NullPointerException">
      <![CDATA[java.lang.NullPointerException
at uiauto.test.BaseTest.createReport(BaseTest.java:205)
at uiauto.test.BaseTest.createReport(BaseTest.java:200)
at uiauto.test.BaseTest.startApplication(BaseTest.java:92)
... Removed 28 stack frames]]>
    </failure>
  </testcase> <!-- @BeforeMethod startApplication -->
  <testcase name="@AfterMethod tearDown" time="0.0" classname="uiauto.test.BaseTest">
    <failure type="java.lang.NullPointerException">
      <![CDATA[java.lang.NullPointerException
at uiauto.test.BaseTest.onException(BaseTest.java:155)
at uiauto.test.BaseTest.writeToReport(BaseTest.java:124)
at uiauto.test.BaseTest.tearDown(BaseTest.java:98)
... Removed 28 stack frames]]>
    </failure>
  </testcase> <!-- @AfterMethod tearDown -->
  <testcase name="homePageDisplayed" time="0.0" classname="test.script.Sample">
    <skipped/>
  </testcase> <!-- homePageDisplayed -->
</testsuite> <!-- Test -->
